# JRE version: OpenJDK Runtime Environment (7.0_91-b02) (build 1.7.0_91-b02)
# Java VM: OpenJDK 64-Bit Server VM (24.91-b01 mixed mode linux-amd64 compressed oops)
Heap
 PSYoungGen      total 18944K, used 1170K [0x00000000eb600000, 0x00000000ecb00000, 0x0000000100000000)
  eden space 16384K, 7% used [0x00000000eb600000,0x00000000eb724940,0x00000000ec600000)
  from space 2560K, 0% used [0x00000000ec600000,0x00000000ec600000,0x00000000ec880000)
  to   space 2560K, 0% used [0x00000000ec880000,0x00000000ec880000,0x00000000ecb00000)
 ParOldGen       total 49152K, used 8288K [0x00000000c2200000, 0x00000000c5200000, 0x00000000eb600000)
  object space 49152K, 16% used [0x00000000c2200000,0x00000000c2a18200,0x00000000c5200000)
 PSPermGen       total 23040K, used 11407K [0x00000000b7c00000, 0x00000000b9280000, 0x00000000c2200000)
  object space 23040K, 49% used [0x00000000b7c00000,0x00000000b8723dc0,0x00000000b9280000)
GC Heap History (4 events):
Event: 1265,419 GC heap before
{Heap before GC invocations=1 (full 0):
 PSYoungGen      total 18944K, used 16384K [0x00000000eb600000, 0x00000000ecb00000, 0x0000000100000000)
  eden space 16384K, 100% used [0x00000000eb600000,0x00000000ec600000,0x00000000ec600000)
  from space 2560K, 0% used [0x00000000ec880000,0x00000000ec880000,0x00000000ecb00000)
  to   space 2560K, 0% used [0x00000000ec600000,0x00000000ec600000,0x00000000ec880000)
 ParOldGen       total 41984K, used 0K [0x00000000c2200000, 0x00000000c4b00000, 0x00000000eb600000)
  object space 41984K, 0% used [0x00000000c2200000,0x00000000c2200000,0x00000000c4b00000)
 PSPermGen       total 21504K, used 11399K [0x00000000b7c00000, 0x00000000b9100000, 0x00000000c2200000)
  object space 21504K, 53% used [0x00000000b7c00000,0x00000000b8721f08,0x00000000b9100000)
Event: 1265,454 GC heap after
Heap after GC invocations=1 (full 0):
 PSYoungGen      total 18944K, used 2132K [0x00000000eb600000, 0x00000000ecb00000, 0x0000000100000000)
  eden space 16384K, 0% used [0x00000000eb600000,0x00000000eb600000,0x00000000ec600000)
  from space 2560K, 83% used [0x00000000ec600000,0x00000000ec815310,0x00000000ec880000)
  to   space 2560K, 0% used [0x00000000ec880000,0x00000000ec880000,0x00000000ecb00000)
 ParOldGen       total 41984K, used 24461K [0x00000000c2200000, 0x00000000c4b00000, 0x00000000eb600000)
  object space 41984K, 58% used [0x00000000c2200000,0x00000000c39e3580,0x00000000c4b00000)
 PSPermGen       total 21504K, used 11399K [0x00000000b7c00000, 0x00000000b9100000, 0x00000000c2200000)
  object space 21504K, 53% used [0x00000000b7c00000,0x00000000b8721f08,0x00000000b9100000)
}
Event: 1265,454 GC heap before
{Heap before GC invocations=2 (full 1):
 PSYoungGen      total 18944K, used 2132K [0x00000000eb600000, 0x00000000ecb00000, 0x0000000100000000)
  eden space 16384K, 0% used [0x00000000eb600000,0x00000000eb600000,0x00000000ec600000)
  from space 2560K, 83% used [0x00000000ec600000,0x00000000ec815310,0x00000000ec880000)
  to   space 2560K, 0% used [0x00000000ec880000,0x00000000ec880000,0x00000000ecb00000)
 ParOldGen       total 41984K, used 24461K [0x00000000c2200000, 0x00000000c4b00000, 0x00000000eb600000)
  object space 41984K, 58% used [0x00000000c2200000,0x00000000c39e3580,0x00000000c4b00000)
 PSPermGen       total 21504K, used 11399K [0x00000000b7c00000, 0x00000000b9100000, 0x00000000c2200000)
  object space 21504K, 53% used [0x00000000b7c00000,0x00000000b8721f08,0x00000000b9100000)
Event: 1265,511 GC heap after
Heap after GC invocations=2 (full 1):
 PSYoungGen      total 18944K, used 0K [0x00000000eb600000, 0x00000000ecb00000, 0x0000000100000000)
  eden space 16384K, 0% used [0x00000000eb600000,0x00000000eb600000,0x00000000ec600000)
  from space 2560K, 0% used [0x00000000ec600000,0x00000000ec600000,0x00000000ec880000)
  to   space 2560K, 0% used [0x00000000ec880000,0x00000000ec880000,0x00000000ecb00000)
 ParOldGen       total 49152K, used 8288K [0x00000000c2200000, 0x00000000c5200000, 0x00000000eb600000)
  object space 49152K, 16% used [0x00000000c2200000,0x00000000c2a18200,0x00000000c5200000)
 PSPermGen       total 23040K, used 11396K [0x00000000b7c00000, 0x00000000b9280000, 0x00000000c2200000)
  object space 23040K, 49% used [0x00000000b7c00000,0x00000000b8721378,0x00000000b9280000)
}

